Arguments: 
  /usr/local/Cellar/node/12.5.0/bin/node /usr/local/Cellar/yarn/1.16.0/libexec/bin/yarn.js install

PATH: 
  /usr/local/bin:/usr/bin:/bin:/usr/sbin:/sbin:/Library/Apple/usr/bin:/Library/Apple/bin:/usr/local/share/dotnet:~/.dotnet/tools:/Library/Frameworks/Mono.framework/Versions/Current/Commands:/Users/arno/Library/Android/sdk/platform-tools:/Users/arno/Library/Android/sdk/platform-tools

Yarn version: 
  1.16.0

Node version: 
  12.5.0

Platform: 
  darwin x64

Trace: 
  Error: EACCES: permission denied, mkdir '/Users/arno/Documents/dnjRN/node_modules/@babel/register/node_modules/core-js'

npm manifest: 
  {
    "main": "node_modules/expo/AppEntry.js",
    "scripts": {
      "start": "expo start",
      "android": "expo start --android",
      "ios": "expo start --ios",
      "web": "expo start --web",
      "eject": "expo eject",
      "test": "node ./node_modules/jest/bin/jest.js --watchAll",
      "buildios": "expo build:ios",
      "buildandroid": "expo build:android",
      "uploadios": "expo upload:ios",
      "uploadandroid": "expo upload:android"
    },
    "jest": {
      "preset": "jest-expo"
    },
    "dependencies": {
      "@expo/samples": "2.1.1",
      "@expo/vector-icons": "^9.0.0",
      "expo": "33.0.0",
      "expo-react-native-shadow": "^1.0.3",
      "firebase": "^5.10.1",
      "moment": "^2.24.0",
      "native-base": "^2.12.1",
      "native-base-web": "^0.0.5",
      "react": "16.8.3",
      "react-dom": "16.8.3",
      "react-native": "https://github.com/expo/react-native/archive/sdk-33.0.0.tar.gz",
      "react-native-app-intro-slider": "^2.0.1",
      "react-native-markdown-view": "^1.1.4",
      "react-native-popup-dialog": "^0.18.2",
      "react-native-pose": "^0.9.0",
      "react-native-pulse": "^1.0.7",
      "react-native-web": "^0.11.4",
      "react-navigation": "^3.11.0",
      "react-navigation-transitions": "^1.0.10",
      "react-redux": "5.1.1",
      "react-redux-firebase": "2.2.4",
      "redux": "4.0.1",
      "redux-firestore": "0.7.2",
      "redux-thunk": "2.3.0",
      "remote-redux-devtools": "0.5.16",
      "sentry-expo": "^1.12.0",
      "styled-components": "^5.0.0-beta.5"
    },
    "devDependencies": {
      "babel-preset-expo": "^5.0.0",
      "jest-expo": "^33.0.0"
    },
    "private": true
  }

yarn manifest: 
  No manifest

Lockfile: 
  No lockfile
